Thu Nov 03 19:14:40 GMT-03:00 2016 : Servidor de red Apache Derby: Se ha iniciado 10.10.1.2 - (1495037) y está listo para aceptar las conexiones en el puerto 1527
----------------------------------------------------------------
Thu Nov 03 19:14:41 GMT-03:00 2016:
 Iniciando instancia a816c00e-0158-2c42-1f2b-ffffee746dd5 de Derby, versión The Apache Software Foundation - Apache Derby - 10.10.1.2 - (1495037): 
en el directorio de base de datos C:\Users\Gisela\.netbeans-derby\Vocabulario con el cargador de clases sun.misc.Launcher$AppClassLoader@1d44bcfa
Cargado desde file:/C:/Program%20Files/Java/jdk1.8.0/db/lib/derby.jar
java.vendor=Oracle Corporation
java.runtime.version=1.8.0-b132
user.dir=C:\Program Files\Java\jdk1.8.0\db
os.name=Windows 7
os.arch=amd64
os.version=6.1
derby.system.home=C:\Users\Gisela\.netbeans-derby
Cargador de clases de base de datos iniciado - derby.database.classpath=''
----------------------------------------------------------------
Fri Nov 04 07:54:44 GMT-03:00 2016:
 Iniciando instancia 0963c106-0158-2c42-1f2b-ffffee746dd5 de Derby, versión The Apache Software Foundation - Apache Derby - 10.10.1.2 - (1495037): 
en el directorio de base de datos C:\Users\Gisela\.netbeans-derby\TPU-tsb con el cargador de clases sun.misc.Launcher$AppClassLoader@1d44bcfa
Cargado desde file:/C:/Program%20Files/Java/jdk1.8.0/db/lib/derby.jar
java.vendor=Oracle Corporation
java.runtime.version=1.8.0-b132
user.dir=C:\Program Files\Java\jdk1.8.0\db
os.name=Windows 7
os.arch=amd64
os.version=6.1
derby.system.home=C:\Users\Gisela\.netbeans-derby
Cargador de clases de base de datos iniciado - derby.database.classpath=''
